2020-04-30 14:04:02,597 INFO o.a.j.u.JMeterUtils: Setting Locale to zh_CN
2020-04-30 14:04:02,629 INFO o.a.j.JMeter: Loading user properties from: F:\百度网盘下载资料\jmeter\jmeter5.0\apache-jmeter-5\apache-jmeter-5.1.1\apache-jmeter-5.1.1\bin\user.properties
2020-04-30 14:04:02,630 INFO o.a.j.JMeter: Loading system properties from: F:\百度网盘下载资料\jmeter\jmeter5.0\apache-jmeter-5\apache-jmeter-5.1.1\apache-jmeter-5.1.1\bin\system.properties
2020-04-30 14:04:02,637 INFO o.a.j.JMeter: Copyright (c) 1998-2019 The Apache Software Foundation
2020-04-30 14:04:02,637 INFO o.a.j.JMeter: Version 5.1.1 r1855137
2020-04-30 14:04:02,637 INFO o.a.j.JMeter: java.version=1.8.0_131
2020-04-30 14:04:02,637 INFO o.a.j.JMeter: java.vm.name=Java HotSpot(TM) 64-Bit Server VM
2020-04-30 14:04:02,637 INFO o.a.j.JMeter: os.name=Windows 7
2020-04-30 14:04:02,638 INFO o.a.j.JMeter: os.arch=amd64
2020-04-30 14:04:02,638 INFO o.a.j.JMeter: os.version=6.1
2020-04-30 14:04:02,638 INFO o.a.j.JMeter: file.encoding=GBK
2020-04-30 14:04:02,638 INFO o.a.j.JMeter: java.awt.headless=true
2020-04-30 14:04:02,638 INFO o.a.j.JMeter: Max memory     =1073741824
2020-04-30 14:04:02,638 INFO o.a.j.JMeter: Available Processors =4
2020-04-30 14:04:02,643 INFO o.a.j.JMeter: Default Locale=English (EN)
2020-04-30 14:04:02,643 INFO o.a.j.JMeter: JMeter  Locale=Chinese (China)
2020-04-30 14:04:02,643 INFO o.a.j.JMeter: JMeterHome=F:\百度网盘下载资料\jmeter\jmeter5.0\apache-jmeter-5\apache-jmeter-5.1.1\apache-jmeter-5.1.1
2020-04-30 14:04:02,643 INFO o.a.j.JMeter: user.dir  =C:\Users\Administrator\Desktop\ziliao\springboottest\karsondemo
2020-04-30 14:04:02,644 INFO o.a.j.JMeter: PWD       =C:\Users\Administrator\Desktop\ziliao\springboottest\karsondemo
2020-04-30 14:04:02,646 INFO o.a.j.JMeter: IP: 192.168.58.1 Name: USER-20171002EP FullName: USER-20171002EP
2020-04-30 14:04:02,650 INFO o.a.j.s.FileServer: Default base='C:\Users\Administrator\Desktop\ziliao\springboottest\karsondemo'
2020-04-30 14:04:02,656 INFO o.a.j.s.FileServer: Set new base='C:\Users\Administrator\Desktop\test'
2020-04-30 14:04:02,937 INFO o.a.j.s.SaveService: Testplan (JMX) version: 2.2. Testlog (JTL) version: 2.2
2020-04-30 14:04:02,974 INFO o.a.j.s.SaveService: Using SaveService properties file encoding UTF-8
2020-04-30 14:04:02,984 INFO o.a.j.s.SaveService: Using SaveService properties version 5.0
2020-04-30 14:04:02,997 INFO o.a.j.s.SaveService: Loading file: C:\Users\Administrator\Desktop\test\tt12.jmx
2020-04-30 14:04:03,094 INFO o.a.j.p.h.s.HTTPSamplerBase: Parser for text/html is org.apache.jmeter.protocol.http.parser.LagartoBasedHtmlParser
2020-04-30 14:04:03,094 INFO o.a.j.p.h.s.HTTPSamplerBase: Parser for application/xhtml+xml is org.apache.jmeter.protocol.http.parser.LagartoBasedHtmlParser
2020-04-30 14:04:03,094 INFO o.a.j.p.h.s.HTTPSamplerBase: Parser for application/xml is org.apache.jmeter.protocol.http.parser.LagartoBasedHtmlParser
2020-04-30 14:04:03,094 INFO o.a.j.p.h.s.HTTPSamplerBase: Parser for text/xml is org.apache.jmeter.protocol.http.parser.LagartoBasedHtmlParser
2020-04-30 14:04:03,095 INFO o.a.j.p.h.s.HTTPSamplerBase: Parser for text/vnd.wap.wml is org.apache.jmeter.protocol.http.parser.RegexpHTMLParser
2020-04-30 14:04:03,095 INFO o.a.j.p.h.s.HTTPSamplerBase: Parser for text/css is org.apache.jmeter.protocol.http.parser.CssParser
2020-04-30 14:04:03,148 INFO o.a.j.JMeter: Creating summariser <summary>
2020-04-30 14:04:03,162 INFO o.a.j.e.StandardJMeterEngine: Running the test!
2020-04-30 14:04:03,164 INFO o.a.j.s.SampleEvent: List of sample_variables: []
2020-04-30 14:04:03,164 INFO o.a.j.s.SampleEvent: List of sample_variables: []
2020-04-30 14:04:03,185 INFO o.a.j.e.u.CompoundVariable: Note: Function class names must contain the string: '.functions.'
2020-04-30 14:04:03,185 INFO o.a.j.e.u.CompoundVariable: Note: Function class names must not contain the string: '.gui.'
2020-04-30 14:04:03,976 INFO o.a.j.JMeter: 正在运行的测试 (1588226643976)
2020-04-30 14:04:04,037 INFO o.a.j.e.StandardJMeterEngine: Starting ThreadGroup: 1 : test-plan
2020-04-30 14:04:04,037 INFO o.a.j.e.StandardJMeterEngine: Starting 1 threads for group test-plan.
2020-04-30 14:04:04,037 INFO o.a.j.e.StandardJMeterEngine: Thread will continue on error
2020-04-30 14:04:04,038 INFO o.a.j.t.ThreadGroup: Starting thread group... number=1 threads=1 ramp-up=1 delayedStart=false
2020-04-30 14:04:04,045 INFO o.a.j.t.ThreadGroup: Started thread group number 1
2020-04-30 14:04:04,051 INFO o.a.j.e.StandardJMeterEngine: All thread groups have been started
2020-04-30 14:04:04,052 INFO o.a.j.t.JMeterThread: Thread started: test-plan 1-1
2020-04-30 14:04:04,084 INFO o.a.j.p.h.s.HTTPHCAbstractImpl: Local host = USER-20171002EP
2020-04-30 14:04:04,099 INFO o.a.j.p.h.s.HTTPHC4Impl: HTTP request retry count = 0
2020-04-30 14:04:04,102 INFO o.a.j.s.SampleResult: Note: Sample TimeStamps are START times
2020-04-30 14:04:04,102 INFO o.a.j.s.SampleResult: sampleresult.default.encoding is set to UTF-8
2020-04-30 14:04:04,102 INFO o.a.j.s.SampleResult: sampleresult.useNanoTime=true
2020-04-30 14:04:04,103 INFO o.a.j.s.SampleResult: sampleresult.nanoThreadSleep=5000
2020-04-30 14:04:04,284 INFO o.a.j.r.Summariser: summary +      1 in 00:00:00 =    3.3/s Avg:     0 Min:     0 Max:     0 Err:     1 (100.00%) Active: 1 Started: 1 Finished: 0
2020-04-30 14:04:04,284 INFO o.a.j.t.JMeterThread: Thread is done: test-plan 1-1
2020-04-30 14:04:04,285 INFO o.a.j.t.JMeterThread: Thread finished: test-plan 1-1
2020-04-30 14:04:04,286 INFO o.a.j.e.StandardJMeterEngine: Notifying test listeners of end of test
2020-04-30 14:04:04,288 INFO o.a.j.r.Summariser: summary =      1 in 00:00:00 =    3.2/s Avg:     0 Min:     0 Max:     0 Err:     1 (100.00%)
